[2025-10-16 12:25:10] Starting chezmoi sync...
Already up to date.
diff --git a/sync.log b/sync.log
new file mode 100644
index 0000000000000000000000000000000000000000..e9757636809c654030286c499d3288cfd6329c03
--- /dev/null
+++ b/sync.log
@@ -0,0 +1,2 @@
+[2025-10-16 12:25:10] Starting chezmoi sync...
+Already up to date.
[2025-10-16 12:25:12] Chezmoi sync completed successfully
[2025-10-16 12:25:12] ---
[2025-10-16 12:25:17] Starting chezmoi sync...
Already up to date.
diff --git a/sync.log b/sync.log
index e9757636809c654030286c499d3288cfd6329c03..500ca82af2dae923b6e0477e5e43ebec200044c3 100644
--- a/sync.log
+++ b/sync.log
@@ -1,2 +1,14 @@
 [2025-10-16 12:25:10] Starting chezmoi sync...
 Already up to date.
+diff --git a/sync.log b/sync.log
+new file mode 100644
+index 0000000000000000000000000000000000000000..e9757636809c654030286c499d3288cfd6329c03
+--- /dev/null
++++ b/sync.log
+@@ -0,0 +1,2 @@
++[2025-10-16 12:25:10] Starting chezmoi sync...
++Already up to date.
+[2025-10-16 12:25:12] Chezmoi sync completed successfully
+[2025-10-16 12:25:12] ---
+[2025-10-16 12:25:17] Starting chezmoi sync...
+Already up to date.
[2025-10-16 12:25:19] Chezmoi sync completed successfully
[2025-10-16 12:25:19] ---
[2025-10-16 13:12:30] Starting chezmoi bidirectional sync...
[2025-10-16 13:12:30] Local changes detected, committing...
